<?xml version="1.0" encoding="UTF-8"?>
<!-- Generated by org.testng.reporters.JUnitXMLReporter -->
<testsuite ignored="0" hostname="ravi" failures="1" tests="2" name="Test" time="0.064" errors="0" timestamp="2025-08-30T11:13:56 IST">
  <testcase classname="day1.soft1" name="assert5" time="0.022">
    <failure type="java.lang.AssertionError" message="The following asserts failed:
	expected [gurs] but found [guru]">
      <![CDATA[java.lang.AssertionError: The following asserts failed:
expected [gurs] but found [guru]
at day1.soft1.assert5(soft1.java:16)
at java.base/java.util.ArrayList.forEach(ArrayList.java:1511)
... Removed 27 stack frames]]>
    </failure>
  </testcase> <!-- assert5 -->
  <testcase classname="day1.soft" name="assert1" time="0.003"/>
</testsuite> <!-- Test -->
